Build started 08/09/2015 22:18:28.
     1>Project "C:\Users\Nicola\Documents\GitHub\ThrowBall\ThrowBall\ThrowBall.vcxproj" on node 2 (Rebuild target(s)).
     1>ClCompile:
         E:\Programmi\Microsoft Visual Studio 11.0\VC\bin\CL.exe /c /Iheader\ /Ires\libraries\include\ /ZI /nologo /W3 /WX- /Od /Oy- /D WIN32 /D _DEBUG /D _CONSOLE /D _UNICODE /D UNICODE /Gm /EHsc /RTC1 /MTd /GS /fp:precise /Zc:wchar_t /Zc:forScope /Fo"Debug\\" /Fd"Debug\vc110.pdb" /Gd /TP /analyze- /errorReport:prompt source\AssimpSimpleModelLoader.cpp source\Ball.cpp source\BallTrack.cpp source\Bin.cpp source\ImageLoader.cpp source\Player.cpp source\Room.cpp source\ThrowBall.cpp source\Vector3D.cpp
         Vector3D.cpp
         ThrowBall.cpp
     1>c:\users\nicola\documents\github\throwball\throwball\res\libraries\include\il\config.h(44): warning C4005: 'ILUT_USE_OPENGL' : macro redefinition
                 c:\users\nicola\documents\github\throwball\throwball\header\imageloader.h(3) : see previous definition of 'ILUT_USE_OPENGL'
     1>c:\users\nicola\documents\github\throwball\throwball\source\throwball.cpp(7): warning C4305: 'initializing' : truncation from 'double' to 'GLfloat'
     1>c:\users\nicola\documents\github\throwball\throwball\source\throwball.cpp(42): warning C4305: 'argument' : truncation from 'double' to 'GLfloat'
         Room.cpp
     1>c:\users\nicola\documents\github\throwball\throwball\res\libraries\include\il\config.h(44): warning C4005: 'ILUT_USE_OPENGL' : macro redefinition
                 c:\users\nicola\documents\github\throwball\throwball\header\imageloader.h(3) : see previous definition of 'ILUT_USE_OPENGL'
     1>c:\users\nicola\documents\github\throwball\throwball\source\room.cpp(38): warning C4244: 'argument' : conversion from 'double' to 'GLfloat', possible loss of data
     1>c:\users\nicola\documents\github\throwball\throwball\source\room.cpp(39): warning C4244: 'argument' : conversion from 'double' to 'GLfloat', possible loss of data
     1>c:\users\nicola\documents\github\throwball\throwball\source\room.cpp(41): warning C4244: 'argument' : conversion from 'double' to 'GLfloat', possible loss of data
     1>c:\users\nicola\documents\github\throwball\throwball\source\room.cpp(43): warning C4244: 'argument' : conversion from 'double' to 'GLfloat', possible loss of data
     1>c:\users\nicola\documents\github\throwball\throwball\source\room.cpp(44): warning C4244: 'argument' : conversion from 'double' to 'GLfloat', possible loss of data
     1>c:\users\nicola\documents\github\throwball\throwball\source\room.cpp(46): warning C4244: 'argument' : conversion from 'double' to 'GLfloat', possible loss of data
     1>c:\users\nicola\documents\github\throwball\throwball\source\room.cpp(48): warning C4244: 'argument' : conversion from 'double' to 'GLfloat', possible loss of data
     1>c:\users\nicola\documents\github\throwball\throwball\source\room.cpp(49): warning C4244: 'argument' : conversion from 'double' to 'GLfloat', possible loss of data
     1>c:\users\nicola\documents\github\throwball\throwball\source\room.cpp(51): warning C4244: 'argument' : conversion from 'double' to 'GLfloat', possible loss of data
     1>c:\users\nicola\documents\github\throwball\throwball\source\room.cpp(53): warning C4244: 'argument' : conversion from 'double' to 'GLfloat', possible loss of data
     1>c:\users\nicola\documents\github\throwball\throwball\source\room.cpp(54): warning C4244: 'argument' : conversion from 'double' to 'GLfloat', possible loss of data
     1>c:\users\nicola\documents\github\throwball\throwball\source\room.cpp(56): warning C4244: 'argument' : conversion from 'double' to 'GLfloat', possible loss of data
         Player.cpp
         ImageLoader.cpp
     1>c:\users\nicola\documents\github\throwball\throwball\res\libraries\include\il\config.h(44): warning C4005: 'ILUT_USE_OPENGL' : macro redefinition
                 c:\users\nicola\documents\github\throwball\throwball\header\imageloader.h(3) : see previous definition of 'ILUT_USE_OPENGL'
         Bin.cpp
         BallTrack.cpp
         Ball.cpp
     1>c:\users\nicola\documents\github\throwball\throwball\source\ball.cpp(148): warning C4305: 'argument' : truncation from 'double' to 'GLfloat'
     1>c:\users\nicola\documents\github\throwball\throwball\source\ball.cpp(164): warning C4305: 'argument' : truncation from 'double' to 'GLfloat'
         AssimpSimpleModelLoader.cpp
         Generating Code...
       Link:
         E:\Programmi\Microsoft Visual Studio 11.0\VC\bin\link.exe /ERRORREPORT:PROMPT /OUT:"C:\Users\Nicola\Documents\GitHub\ThrowBall\Debug\ThrowBall.exe" /INCREMENTAL:NO /NOLOGO /LIBPATH:res\libraries\lib\ assimp.lib ILU.lib DevIL.lib freeglut.lib kernel32.lib user32.lib gdi32.lib winspool.lib comdlg32.lib advapi32.lib shell32.lib ole32.lib oleaut32.lib uuid.lib odbc32.lib odbccp32.lib /MANIFEST /MANIFESTUAC:"level='asInvoker' uiAccess='false'" /manifest:embed /DEBUG /PDB:"C:\Users\Nicola\Documents\GitHub\ThrowBall\Debug\ThrowBall.pdb" /SUBSYSTEM:CONSOLE /TLBID:1 /DYNAMICBASE /NXCOMPAT /IMPLIB:"C:\Users\Nicola\Documents\GitHub\ThrowBall\Debug\ThrowBall.lib" /MACHINE:X86 Debug\AssimpSimpleModelLoader.obj
         Debug\Ball.obj
         Debug\BallTrack.obj
         Debug\Bin.obj
         Debug\ImageLoader.obj
         Debug\Player.obj
         Debug\Room.obj
         Debug\ThrowBall.obj
         Debug\Vector3D.obj
     1>AssimpSimpleModelLoader.obj : warning LNK4075: ignoring '/EDITANDCONTINUE' due to '/OPT:LBR' specification
         ThrowBall.vcxproj -> C:\Users\Nicola\Documents\GitHub\ThrowBall\Debug\ThrowBall.exe
     1>Done Building Project "C:\Users\Nicola\Documents\GitHub\ThrowBall\ThrowBall\ThrowBall.vcxproj" (Rebuild target(s)).

Build succeeded.

Time Elapsed 00:00:09.10
