C:\USERS\NICOLA\DESKTOP\THROWBALL\THROWBALL\DEBUG\ASSIMPSIMPLEMODELLOADER.OBJ
C:\USERS\NICOLA\DESKTOP\THROWBALL\THROWBALL\DEBUG\BALL.OBJ
C:\USERS\NICOLA\DESKTOP\THROWBALL\THROWBALL\DEBUG\BALLTRACK.OBJ
C:\USERS\NICOLA\DESKTOP\THROWBALL\THROWBALL\DEBUG\BIN.OBJ
C:\USERS\NICOLA\DESKTOP\THROWBALL\THROWBALL\DEBUG\IMAGELOADER.OBJ
C:\USERS\NICOLA\DESKTOP\THROWBALL\THROWBALL\DEBUG\PLAYER.OBJ
C:\USERS\NICOLA\DESKTOP\THROWBALL\THROWBALL\DEBUG\ROOM.OBJ
C:\USERS\NICOLA\DESKTOP\THROWBALL\THROWBALL\DEBUG\THROWBALL.OBJ
C:\USERS\NICOLA\DESKTOP\THROWBALL\THROWBALL\DEBUG\VECTOR3D.OBJ
C:\USERS\NICOLA\DESKTOP\THROWBALL\THROWBALL\DEBUG\VC110.PDB
C:\USERS\NICOLA\DESKTOP\THROWBALL\DEBUG\THROWBALL.EXE
C:\USERS\NICOLA\DESKTOP\THROWBALL\DEBUG\THROWBALL.PDB
C:\Users\Nicola\Documents\GitHub\ThrowBall\ThrowBall\Debug\AssimpSimpleModelLoader.obj
C:\Users\Nicola\Documents\GitHub\ThrowBall\ThrowBall\Debug\Ball.obj
C:\Users\Nicola\Documents\GitHub\ThrowBall\ThrowBall\Debug\BallTrack.obj
C:\Users\Nicola\Documents\GitHub\ThrowBall\ThrowBall\Debug\Bin.obj
C:\Users\Nicola\Documents\GitHub\ThrowBall\ThrowBall\Debug\ImageLoader.obj
C:\Users\Nicola\Documents\GitHub\ThrowBall\ThrowBall\Debug\Player.obj
C:\Users\Nicola\Documents\GitHub\ThrowBall\ThrowBall\Debug\Room.obj
C:\Users\Nicola\Documents\GitHub\ThrowBall\ThrowBall\Debug\ThrowBall.obj
C:\Users\Nicola\Documents\GitHub\ThrowBall\ThrowBall\Debug\Vector3D.obj
C:\Users\Nicola\Documents\GitHub\ThrowBall\ThrowBall\Debug\cl.command.1.tlog
C:\Users\Nicola\Documents\GitHub\ThrowBall\ThrowBall\Debug\CL.read.1.tlog
C:\Users\Nicola\Documents\GitHub\ThrowBall\ThrowBall\Debug\CL.write.1.tlog
C:\Users\Nicola\Documents\GitHub\ThrowBall\ThrowBall\Debug\link-cvtres.read.1.tlog
C:\Users\Nicola\Documents\GitHub\ThrowBall\ThrowBall\Debug\link-cvtres.write.1.tlog
C:\Users\Nicola\Documents\GitHub\ThrowBall\ThrowBall\Debug\link-rc.read.1.tlog
C:\Users\Nicola\Documents\GitHub\ThrowBall\ThrowBall\Debug\link-rc.write.1.tlog
C:\Users\Nicola\Documents\GitHub\ThrowBall\ThrowBall\Debug\link.command.1.tlog
C:\Users\Nicola\Documents\GitHub\ThrowBall\ThrowBall\Debug\link.read.1.tlog
C:\Users\Nicola\Documents\GitHub\ThrowBall\ThrowBall\Debug\link.write.1.tlog
C:\Users\Nicola\Documents\GitHub\ThrowBall\ThrowBall\Debug\vc110.idb
C:\Users\Nicola\Documents\GitHub\ThrowBall\ThrowBall\Debug\vc110.pdb
C:\Users\Nicola\Documents\GitHub\ThrowBall\Debug\ThrowBall.pdb
C:\Users\Nicola\Documents\GitHub\ThrowBall\Debug\ThrowBall.exe
